2024-09-14 18:28:41,365 - INFO - Processing G:\jovotajolo\resources\1st curse\word fajlok es pptk\Horthy1.pptx
2024-09-14 18:28:44,781 - INFO - Exported slide 1 to G:\jovotajolo\resources\1st curse\PNG_OUTPUT\Horthy1\slide_1.png
2024-09-14 18:28:45,382 - INFO - Exported slide 2 to G:\jovotajolo\resources\1st curse\PNG_OUTPUT\Horthy1\slide_2.png
2024-09-14 18:28:45,962 - INFO - Exported slide 3 to G:\jovotajolo\resources\1st curse\PNG_OUTPUT\Horthy1\slide_3.png
2024-09-14 18:28:46,547 - INFO - Exported slide 4 to G:\jovotajolo\resources\1st curse\PNG_OUTPUT\Horthy1\slide_4.png
2024-09-14 18:28:47,151 - INFO - Exported slide 5 to G:\jovotajolo\resources\1st curse\PNG_OUTPUT\Horthy1\slide_5.png
2024-09-14 18:28:47,751 - INFO - Exported slide 6 to G:\jovotajolo\resources\1st curse\PNG_OUTPUT\Horthy1\slide_6.png
2024-09-14 18:28:48,353 - INFO - Exported slide 7 to G:\jovotajolo\resources\1st curse\PNG_OUTPUT\Horthy1\slide_7.png
2024-09-14 18:28:48,942 - INFO - Exported slide 8 to G:\jovotajolo\resources\1st curse\PNG_OUTPUT\Horthy1\slide_8.png
2024-09-14 18:28:49,544 - INFO - Exported slide 9 to G:\jovotajolo\resources\1st curse\PNG_OUTPUT\Horthy1\slide_9.png
2024-09-14 18:28:50,133 - INFO - Exported slide 10 to G:\jovotajolo\resources\1st curse\PNG_OUTPUT\Horthy1\slide_10.png
2024-09-14 18:28:50,721 - INFO - Exported slide 11 to G:\jovotajolo\resources\1st curse\PNG_OUTPUT\Horthy1\slide_11.png
2024-09-14 18:28:51,365 - INFO - Exported slide 12 to G:\jovotajolo\resources\1st curse\PNG_OUTPUT\Horthy1\slide_12.png
2024-09-14 18:28:51,951 - INFO - Exported slide 13 to G:\jovotajolo\resources\1st curse\PNG_OUTPUT\Horthy1\slide_13.png
2024-09-14 18:28:52,512 - INFO - Exported slide 14 to G:\jovotajolo\resources\1st curse\PNG_OUTPUT\Horthy1\slide_14.png
2024-09-14 18:28:53,041 - INFO - Successfully exported slides from G:\jovotajolo\resources\1st curse\word fajlok es pptk\Horthy1.pptx
2024-09-14 18:28:53,062 - INFO - Processing G:\jovotajolo\resources\1st curse\word fajlok es pptk\Horthy2.pptx
2024-09-14 18:28:58,200 - INFO - Exported slide 1 to G:\jovotajolo\resources\1st curse\PNG_OUTPUT\Horthy2\slide_1.png
2024-09-14 18:28:58,779 - INFO - Exported slide 2 to G:\jovotajolo\resources\1st curse\PNG_OUTPUT\Horthy2\slide_2.png
2024-09-14 18:28:59,351 - INFO - Exported slide 3 to G:\jovotajolo\resources\1st curse\PNG_OUTPUT\Horthy2\slide_3.png
2024-09-14 18:28:59,951 - INFO - Exported slide 4 to G:\jovotajolo\resources\1st curse\PNG_OUTPUT\Horthy2\slide_4.png
2024-09-14 18:29:00,529 - INFO - Exported slide 5 to G:\jovotajolo\resources\1st curse\PNG_OUTPUT\Horthy2\slide_5.png
2024-09-14 18:29:01,129 - INFO - Exported slide 6 to G:\jovotajolo\resources\1st curse\PNG_OUTPUT\Horthy2\slide_6.png
2024-09-14 18:29:01,724 - INFO - Exported slide 7 to G:\jovotajolo\resources\1st curse\PNG_OUTPUT\Horthy2\slide_7.png
2024-09-14 18:29:02,313 - INFO - Exported slide 8 to G:\jovotajolo\resources\1st curse\PNG_OUTPUT\Horthy2\slide_8.png
2024-09-14 18:29:02,921 - INFO - Exported slide 9 to G:\jovotajolo\resources\1st curse\PNG_OUTPUT\Horthy2\slide_9.png
2024-09-14 18:29:03,534 - INFO - Exported slide 10 to G:\jovotajolo\resources\1st curse\PNG_OUTPUT\Horthy2\slide_10.png
2024-09-14 18:29:04,116 - INFO - Exported slide 11 to G:\jovotajolo\resources\1st curse\PNG_OUTPUT\Horthy2\slide_11.png
2024-09-14 18:29:04,673 - INFO - Exported slide 12 to G:\jovotajolo\resources\1st curse\PNG_OUTPUT\Horthy2\slide_12.png
2024-09-14 18:29:05,198 - INFO - Successfully exported slides from G:\jovotajolo\resources\1st curse\word fajlok es pptk\Horthy2.pptx
2024-09-14 18:29:05,218 - INFO - Processing G:\jovotajolo\resources\1st curse\word fajlok es pptk\Horthy3.pptx
2024-09-14 18:29:10,350 - INFO - Exported slide 1 to G:\jovotajolo\resources\1st curse\PNG_OUTPUT\Horthy3\slide_1.png
2024-09-14 18:29:10,951 - INFO - Exported slide 2 to G:\jovotajolo\resources\1st curse\PNG_OUTPUT\Horthy3\slide_2.png
2024-09-14 18:29:11,564 - INFO - Exported slide 3 to G:\jovotajolo\resources\1st curse\PNG_OUTPUT\Horthy3\slide_3.png
2024-09-14 18:29:12,169 - INFO - Exported slide 4 to G:\jovotajolo\resources\1st curse\PNG_OUTPUT\Horthy3\slide_4.png
2024-09-14 18:29:12,752 - INFO - Exported slide 5 to G:\jovotajolo\resources\1st curse\PNG_OUTPUT\Horthy3\slide_5.png
2024-09-14 18:29:13,340 - INFO - Exported slide 6 to G:\jovotajolo\resources\1st curse\PNG_OUTPUT\Horthy3\slide_6.png
2024-09-14 18:29:13,925 - INFO - Exported slide 7 to G:\jovotajolo\resources\1st curse\PNG_OUTPUT\Horthy3\slide_7.png
2024-09-14 18:29:14,509 - INFO - Exported slide 8 to G:\jovotajolo\resources\1st curse\PNG_OUTPUT\Horthy3\slide_8.png
2024-09-14 18:29:15,095 - INFO - Exported slide 9 to G:\jovotajolo\resources\1st curse\PNG_OUTPUT\Horthy3\slide_9.png
2024-09-14 18:29:15,704 - INFO - Exported slide 10 to G:\jovotajolo\resources\1st curse\PNG_OUTPUT\Horthy3\slide_10.png
2024-09-14 18:29:16,332 - INFO - Exported slide 11 to G:\jovotajolo\resources\1st curse\PNG_OUTPUT\Horthy3\slide_11.png
2024-09-14 18:29:16,941 - INFO - Exported slide 12 to G:\jovotajolo\resources\1st curse\PNG_OUTPUT\Horthy3\slide_12.png
2024-09-14 18:29:17,524 - INFO - Exported slide 13 to G:\jovotajolo\resources\1st curse\PNG_OUTPUT\Horthy3\slide_13.png
2024-09-14 18:29:18,084 - INFO - Exported slide 14 to G:\jovotajolo\resources\1st curse\PNG_OUTPUT\Horthy3\slide_14.png
2024-09-14 18:29:18,612 - INFO - Successfully exported slides from G:\jovotajolo\resources\1st curse\word fajlok es pptk\Horthy3.pptx
2024-09-14 18:29:18,632 - INFO - Processing G:\jovotajolo\resources\1st curse\word fajlok es pptk\Horthy4.pptx
2024-09-14 18:29:23,757 - INFO - Exported slide 1 to G:\jovotajolo\resources\1st curse\PNG_OUTPUT\Horthy4\slide_1.png
2024-09-14 18:29:24,353 - INFO - Exported slide 2 to G:\jovotajolo\resources\1st curse\PNG_OUTPUT\Horthy4\slide_2.png
2024-09-14 18:29:24,977 - INFO - Exported slide 3 to G:\jovotajolo\resources\1st curse\PNG_OUTPUT\Horthy4\slide_3.png
2024-09-14 18:29:25,567 - INFO - Exported slide 4 to G:\jovotajolo\resources\1st curse\PNG_OUTPUT\Horthy4\slide_4.png
2024-09-14 18:29:26,161 - INFO - Exported slide 5 to G:\jovotajolo\resources\1st curse\PNG_OUTPUT\Horthy4\slide_5.png
2024-09-14 18:29:26,743 - INFO - Exported slide 6 to G:\jovotajolo\resources\1st curse\PNG_OUTPUT\Horthy4\slide_6.png
2024-09-14 18:29:27,348 - INFO - Exported slide 7 to G:\jovotajolo\resources\1st curse\PNG_OUTPUT\Horthy4\slide_7.png
2024-09-14 18:29:27,967 - INFO - Exported slide 8 to G:\jovotajolo\resources\1st curse\PNG_OUTPUT\Horthy4\slide_8.png
2024-09-14 18:29:28,552 - INFO - Exported slide 9 to G:\jovotajolo\resources\1st curse\PNG_OUTPUT\Horthy4\slide_9.png
2024-09-14 18:29:29,124 - INFO - Exported slide 10 to G:\jovotajolo\resources\1st curse\PNG_OUTPUT\Horthy4\slide_10.png
2024-09-14 18:29:29,716 - INFO - Exported slide 11 to G:\jovotajolo\resources\1st curse\PNG_OUTPUT\Horthy4\slide_11.png
2024-09-14 18:29:30,278 - INFO - Exported slide 12 to G:\jovotajolo\resources\1st curse\PNG_OUTPUT\Horthy4\slide_12.png
2024-09-14 18:29:30,804 - INFO - Successfully exported slides from G:\jovotajolo\resources\1st curse\word fajlok es pptk\Horthy4.pptx
2024-09-14 18:29:30,823 - INFO - Processing G:\jovotajolo\resources\1st curse\word fajlok es pptk\Horthy5.ppt
2024-09-14 18:29:36,072 - INFO - Exported slide 1 to G:\jovotajolo\resources\1st curse\PNG_OUTPUT\Horthy5\slide_1.png
2024-09-14 18:29:36,668 - INFO - Exported slide 2 to G:\jovotajolo\resources\1st curse\PNG_OUTPUT\Horthy5\slide_2.png
2024-09-14 18:29:37,253 - INFO - Exported slide 3 to G:\jovotajolo\resources\1st curse\PNG_OUTPUT\Horthy5\slide_3.png
2024-09-14 18:29:37,840 - INFO - Exported slide 4 to G:\jovotajolo\resources\1st curse\PNG_OUTPUT\Horthy5\slide_4.png
2024-09-14 18:29:38,424 - INFO - Exported slide 5 to G:\jovotajolo\resources\1st curse\PNG_OUTPUT\Horthy5\slide_5.png
2024-09-14 18:29:39,026 - INFO - Exported slide 6 to G:\jovotajolo\resources\1st curse\PNG_OUTPUT\Horthy5\slide_6.png
2024-09-14 18:29:39,628 - INFO - Exported slide 7 to G:\jovotajolo\resources\1st curse\PNG_OUTPUT\Horthy5\slide_7.png
2024-09-14 18:29:40,241 - INFO - Exported slide 8 to G:\jovotajolo\resources\1st curse\PNG_OUTPUT\Horthy5\slide_8.png
2024-09-14 18:29:40,837 - INFO - Exported slide 9 to G:\jovotajolo\resources\1st curse\PNG_OUTPUT\Horthy5\slide_9.png
2024-09-14 18:29:41,440 - INFO - Exported slide 10 to G:\jovotajolo\resources\1st curse\PNG_OUTPUT\Horthy5\slide_10.png
2024-09-14 18:29:42,026 - INFO - Exported slide 11 to G:\jovotajolo\resources\1st curse\PNG_OUTPUT\Horthy5\slide_11.png
2024-09-14 18:29:42,609 - INFO - Exported slide 12 to G:\jovotajolo\resources\1st curse\PNG_OUTPUT\Horthy5\slide_12.png
2024-09-14 18:29:43,187 - INFO - Exported slide 13 to G:\jovotajolo\resources\1st curse\PNG_OUTPUT\Horthy5\slide_13.png
2024-09-14 18:29:43,747 - INFO - Exported slide 14 to G:\jovotajolo\resources\1st curse\PNG_OUTPUT\Horthy5\slide_14.png
2024-09-14 18:29:44,268 - INFO - Successfully exported slides from G:\jovotajolo\resources\1st curse\word fajlok es pptk\Horthy5.ppt
2024-09-15 11:53:57,506 - INFO - Processing G:\jovotajolo\resources\1st curse\uj_pptk\diaminta.pptx
2024-09-15 11:54:01,411 - INFO - Exported slide 1 to G:\jovotajolo\resources\1st curse\PNG_OUTPUT\diaminta\slide_1.png
2024-09-15 11:54:01,932 - INFO - Successfully exported slides from G:\jovotajolo\resources\1st curse\uj_pptk\diaminta.pptx
2024-09-15 11:54:01,961 - INFO - Processing G:\jovotajolo\resources\1st curse\uj_pptk\Horthy2.pptx
2024-09-15 11:54:07,580 - INFO - Exported slide 1 to G:\jovotajolo\resources\1st curse\PNG_OUTPUT\Horthy2\slide_1.png
2024-09-15 11:54:08,168 - INFO - Exported slide 2 to G:\jovotajolo\resources\1st curse\PNG_OUTPUT\Horthy2\slide_2.png
2024-09-15 11:54:08,765 - INFO - Exported slide 3 to G:\jovotajolo\resources\1st curse\PNG_OUTPUT\Horthy2\slide_3.png
2024-09-15 11:54:09,366 - INFO - Exported slide 4 to G:\jovotajolo\resources\1st curse\PNG_OUTPUT\Horthy2\slide_4.png
2024-09-15 11:54:09,946 - INFO - Exported slide 5 to G:\jovotajolo\resources\1st curse\PNG_OUTPUT\Horthy2\slide_5.png
2024-09-15 11:54:10,544 - INFO - Exported slide 6 to G:\jovotajolo\resources\1st curse\PNG_OUTPUT\Horthy2\slide_6.png
2024-09-15 11:54:11,139 - INFO - Exported slide 7 to G:\jovotajolo\resources\1st curse\PNG_OUTPUT\Horthy2\slide_7.png
2024-09-15 11:54:11,737 - INFO - Exported slide 8 to G:\jovotajolo\resources\1st curse\PNG_OUTPUT\Horthy2\slide_8.png
2024-09-15 11:54:12,346 - INFO - Exported slide 9 to G:\jovotajolo\resources\1st curse\PNG_OUTPUT\Horthy2\slide_9.png
2024-09-15 11:54:12,956 - INFO - Exported slide 10 to G:\jovotajolo\resources\1st curse\PNG_OUTPUT\Horthy2\slide_10.png
2024-09-15 11:54:13,541 - INFO - Exported slide 11 to G:\jovotajolo\resources\1st curse\PNG_OUTPUT\Horthy2\slide_11.png
2024-09-15 11:54:14,101 - INFO - Exported slide 12 to G:\jovotajolo\resources\1st curse\PNG_OUTPUT\Horthy2\slide_12.png
2024-09-15 11:54:14,627 - INFO - Successfully exported slides from G:\jovotajolo\resources\1st curse\uj_pptk\Horthy2.pptx
2024-09-15 11:54:14,656 - INFO - Processing G:\jovotajolo\resources\1st curse\uj_pptk\Horthy3.pptx
2024-09-15 11:54:19,933 - INFO - Exported slide 1 to G:\jovotajolo\resources\1st curse\PNG_OUTPUT\Horthy3\slide_1.png
2024-09-15 11:54:20,552 - INFO - Exported slide 2 to G:\jovotajolo\resources\1st curse\PNG_OUTPUT\Horthy3\slide_2.png
2024-09-15 11:54:21,185 - INFO - Exported slide 3 to G:\jovotajolo\resources\1st curse\PNG_OUTPUT\Horthy3\slide_3.png
2024-09-15 11:54:21,803 - INFO - Exported slide 4 to G:\jovotajolo\resources\1st curse\PNG_OUTPUT\Horthy3\slide_4.png
2024-09-15 11:54:22,426 - INFO - Exported slide 5 to G:\jovotajolo\resources\1st curse\PNG_OUTPUT\Horthy3\slide_5.png
2024-09-15 11:54:23,021 - INFO - Exported slide 6 to G:\jovotajolo\resources\1st curse\PNG_OUTPUT\Horthy3\slide_6.png
2024-09-15 11:54:23,613 - INFO - Exported slide 7 to G:\jovotajolo\resources\1st curse\PNG_OUTPUT\Horthy3\slide_7.png
2024-09-15 11:54:24,219 - INFO - Exported slide 8 to G:\jovotajolo\resources\1st curse\PNG_OUTPUT\Horthy3\slide_8.png
2024-09-15 11:54:24,824 - INFO - Exported slide 9 to G:\jovotajolo\resources\1st curse\PNG_OUTPUT\Horthy3\slide_9.png
2024-09-15 11:54:25,457 - INFO - Exported slide 10 to G:\jovotajolo\resources\1st curse\PNG_OUTPUT\Horthy3\slide_10.png
2024-09-15 11:54:26,095 - INFO - Exported slide 11 to G:\jovotajolo\resources\1st curse\PNG_OUTPUT\Horthy3\slide_11.png
2024-09-15 11:54:26,707 - INFO - Exported slide 12 to G:\jovotajolo\resources\1st curse\PNG_OUTPUT\Horthy3\slide_12.png
2024-09-15 11:54:27,297 - INFO - Exported slide 13 to G:\jovotajolo\resources\1st curse\PNG_OUTPUT\Horthy3\slide_13.png
2024-09-15 11:54:27,871 - INFO - Exported slide 14 to G:\jovotajolo\resources\1st curse\PNG_OUTPUT\Horthy3\slide_14.png
2024-09-15 11:54:28,398 - INFO - Successfully exported slides from G:\jovotajolo\resources\1st curse\uj_pptk\Horthy3.pptx
2024-09-15 11:54:28,429 - INFO - Processing G:\jovotajolo\resources\1st curse\uj_pptk\Horthy4.pptx
2024-09-15 11:54:33,670 - INFO - Exported slide 1 to G:\jovotajolo\resources\1st curse\PNG_OUTPUT\Horthy4\slide_1.png
2024-09-15 11:54:34,279 - INFO - Exported slide 2 to G:\jovotajolo\resources\1st curse\PNG_OUTPUT\Horthy4\slide_2.png
2024-09-15 11:54:34,913 - INFO - Exported slide 3 to G:\jovotajolo\resources\1st curse\PNG_OUTPUT\Horthy4\slide_3.png
2024-09-15 11:54:35,519 - INFO - Exported slide 4 to G:\jovotajolo\resources\1st curse\PNG_OUTPUT\Horthy4\slide_4.png
2024-09-15 11:54:36,120 - INFO - Exported slide 5 to G:\jovotajolo\resources\1st curse\PNG_OUTPUT\Horthy4\slide_5.png
2024-09-15 11:54:36,708 - INFO - Exported slide 6 to G:\jovotajolo\resources\1st curse\PNG_OUTPUT\Horthy4\slide_6.png
2024-09-15 11:54:37,317 - INFO - Exported slide 7 to G:\jovotajolo\resources\1st curse\PNG_OUTPUT\Horthy4\slide_7.png
2024-09-15 11:54:37,924 - INFO - Exported slide 8 to G:\jovotajolo\resources\1st curse\PNG_OUTPUT\Horthy4\slide_8.png
2024-09-15 11:54:38,526 - INFO - Exported slide 9 to G:\jovotajolo\resources\1st curse\PNG_OUTPUT\Horthy4\slide_9.png
2024-09-15 11:54:39,126 - INFO - Exported slide 10 to G:\jovotajolo\resources\1st curse\PNG_OUTPUT\Horthy4\slide_10.png
2024-09-15 11:54:39,737 - INFO - Exported slide 11 to G:\jovotajolo\resources\1st curse\PNG_OUTPUT\Horthy4\slide_11.png
2024-09-15 11:54:40,310 - INFO - Exported slide 12 to G:\jovotajolo\resources\1st curse\PNG_OUTPUT\Horthy4\slide_12.png
2024-09-15 11:54:40,835 - INFO - Successfully exported slides from G:\jovotajolo\resources\1st curse\uj_pptk\Horthy4.pptx
2024-09-15 11:54:40,864 - INFO - Processing G:\jovotajolo\resources\1st curse\uj_pptk\Horthy5.ppt
2024-09-15 11:54:46,436 - INFO - Exported slide 1 to G:\jovotajolo\resources\1st curse\PNG_OUTPUT\Horthy5\slide_1.png
2024-09-15 11:54:47,034 - INFO - Exported slide 2 to G:\jovotajolo\resources\1st curse\PNG_OUTPUT\Horthy5\slide_2.png
2024-09-15 11:54:47,622 - INFO - Exported slide 3 to G:\jovotajolo\resources\1st curse\PNG_OUTPUT\Horthy5\slide_3.png
2024-09-15 11:54:48,212 - INFO - Exported slide 4 to G:\jovotajolo\resources\1st curse\PNG_OUTPUT\Horthy5\slide_4.png
2024-09-15 11:54:48,797 - INFO - Exported slide 5 to G:\jovotajolo\resources\1st curse\PNG_OUTPUT\Horthy5\slide_5.png
2024-09-15 11:54:49,400 - INFO - Exported slide 6 to G:\jovotajolo\resources\1st curse\PNG_OUTPUT\Horthy5\slide_6.png
2024-09-15 11:54:50,003 - INFO - Exported slide 7 to G:\jovotajolo\resources\1st curse\PNG_OUTPUT\Horthy5\slide_7.png
2024-09-15 11:54:50,616 - INFO - Exported slide 8 to G:\jovotajolo\resources\1st curse\PNG_OUTPUT\Horthy5\slide_8.png
2024-09-15 11:54:51,212 - INFO - Exported slide 9 to G:\jovotajolo\resources\1st curse\PNG_OUTPUT\Horthy5\slide_9.png
2024-09-15 11:54:51,817 - INFO - Exported slide 10 to G:\jovotajolo\resources\1st curse\PNG_OUTPUT\Horthy5\slide_10.png
2024-09-15 11:54:52,402 - INFO - Exported slide 11 to G:\jovotajolo\resources\1st curse\PNG_OUTPUT\Horthy5\slide_11.png
2024-09-15 11:54:52,988 - INFO - Exported slide 12 to G:\jovotajolo\resources\1st curse\PNG_OUTPUT\Horthy5\slide_12.png
2024-09-15 11:54:53,568 - INFO - Exported slide 13 to G:\jovotajolo\resources\1st curse\PNG_OUTPUT\Horthy5\slide_13.png
2024-09-15 11:54:54,129 - INFO - Exported slide 14 to G:\jovotajolo\resources\1st curse\PNG_OUTPUT\Horthy5\slide_14.png
2024-09-15 11:54:54,652 - INFO - Successfully exported slides from G:\jovotajolo\resources\1st curse\uj_pptk\Horthy5.ppt
